<?xml version="1.0" encoding="UTF-8"?>
<!-- Generated by org.testng.reporters.JUnitXMLReporter -->
<testsuite ignored="4" hostname="DESKTOP-FKQO898" failures="0" tests="1" name="edgetests" time="17.25" errors="0" timestamp="2023-05-02T21:05:05 IST">
  <testcase classname="testngproject.TestngAssignment1" name="loadPage" time="17.166"/>
  <testcase classname="testngproject.TestngAssignment1" name="endPopup" time="0.0">
    <ignored/>
  </testcase> <!-- endPopup -->
  <testcase classname="testngproject.TestngAssignment1" name="closeBrowser" time="0.0">
    <ignored/>
  </testcase> <!-- closeBrowser -->
  <testcase classname="testngproject.TestngAssignment1" name="login" time="0.0">
    <ignored/>
  </testcase> <!-- login -->
  <testcase classname="testngproject.TestngAssignment1" name="HomePageTitle" time="0.0">
    <ignored/>
  </testcase> <!-- HomePageTitle -->
</testsuite> <!-- edgetests -->
