<?xml version="1.0" encoding="UTF-8"?>
<!-- Generated by org.testng.reporters.JUnitXMLReporter -->
<testsuite ignored="3" hostname="DESKTOP-FKQO898" failures="1" tests="2" name="mytests" time="16.347" errors="0" timestamp="2023-05-02T21:53:18 IST">
  <testcase classname="testngproject.TestngAssignment1" name="login" time="0.027">
    <failure type="java.lang.NullPointerException" message="Cannot invoke &amp;quot;org.openqa.selenium.WebDriver.findElement(org.openqa.selenium.By)&amp;quot; because &amp;quot;this.driver&amp;quot; is null">
      <![CDATA[java.lang.NullPointerException: Cannot invoke "org.openqa.selenium.WebDriver.findElement(org.openqa.selenium.By)" because "this.driver" is null
at testngproject.TestngAssignment1.login(TestngAssignment1.java:70)
at java.base/java.util.concurrent.ThreadPoolExecutor.runWorker(ThreadPoolExecutor.java:1136)
at java.base/java.util.concurrent.ThreadPoolExecutor$Worker.run(ThreadPoolExecutor.java:635)
at java.base/java.lang.Thread.run(Thread.java:833)
... Removed 12 stack frames]]>
    </failure>
  </testcase> <!-- login -->
  <testcase classname="testngproject.TestngAssignment1" name="loadPage" time="15.62"/>
  <testcase classname="testngproject.TestngAssignment1" name="endPopup" time="0.0">
    <ignored/>
  </testcase> <!-- endPopup -->
  <testcase classname="testngproject.TestngAssignment1" name="closeBrowser" time="0.0">
    <ignored/>
  </testcase> <!-- closeBrowser -->
  <testcase classname="testngproject.TestngAssignment1" name="HomePageTitle" time="0.0">
    <ignored/>
  </testcase> <!-- HomePageTitle -->
</testsuite> <!-- mytests -->
